2018-06-03 22:29:47.458  [http-nio-8091-exec-2] DEBUG [com.mooc.house.biz.mapper.HouseMapper.selectPageHouses:] http-nio-8091-exec-2cid - ==>  Preparing: select a.id, a.type, a.name, a.price, a.images, a.area, a.beds, a.baths, a.rating, a.remarks, a.properties, a.floor_plan, a.tags, a.create_time, a.city_id, a.community_id, a.address, a.state from house a WHERE state = 1 order by a.create_time desc limit ?,? 
2018-06-03 22:29:47.590  [http-nio-8091-exec-2] DEBUG [com.mooc.house.biz.mapper.HouseMapper.selectPageHouses:] http-nio-8091-exec-2cid - ==> Parameters: 0(Integer), 8(Integer)
2018-06-03 22:29:47.635  [http-nio-8091-exec-2] DEBUG [com.mooc.house.biz.mapper.HouseMapper.selectPageHouses:] http-nio-8091-exec-2cid - <==      Total: 8
2018-06-03 22:29:53.258  [http-nio-8091-exec-3] DEBUG [com.mooc.house.biz.mapper.HouseMapper.selectPageHouses:] http-nio-8091-exec-3cid - ==>  Preparing: select a.id, a.type, a.name, a.price, a.images, a.area, a.beds, a.baths, a.rating, a.remarks, a.properties, a.floor_plan, a.tags, a.create_time, a.city_id, a.community_id, a.address, a.state from house a WHERE state = 1 and a.type = ? order by a.create_time desc limit ?,? 
2018-06-03 22:29:53.259  [http-nio-8091-exec-3] DEBUG [com.mooc.house.biz.mapper.HouseMapper.selectPageHouses:] http-nio-8091-exec-3cid - ==> Parameters: 1(Integer), 0(Integer), 5(Integer)
2018-06-03 22:29:53.264  [http-nio-8091-exec-3] DEBUG [com.mooc.house.biz.mapper.HouseMapper.selectPageHouses:] http-nio-8091-exec-3cid - <==      Total: 5
2018-06-03 22:29:53.266  [http-nio-8091-exec-3] DEBUG [com.mooc.house.biz.mapper.HouseMapper.selectPageCount:] http-nio-8091-exec-3cid - ==>  Preparing: select count(id) from house a WHERE state = 1 and a.type = ? 
2018-06-03 22:29:53.523  [http-nio-8091-exec-3] DEBUG [com.mooc.house.biz.mapper.HouseMapper.selectPageCount:] http-nio-8091-exec-3cid - ==> Parameters: 1(Integer)
2018-06-03 22:29:53.525  [http-nio-8091-exec-3] DEBUG [com.mooc.house.biz.mapper.HouseMapper.selectPageCount:] http-nio-8091-exec-3cid - <==      Total: 1
2018-06-03 22:29:55.627  [http-nio-8091-exec-2] DEBUG [com.mooc.house.biz.mapper.HouseMapper.selectPageHouses:] http-nio-8091-exec-2cid - ==>  Preparing: select a.id, a.type, a.name, a.price, a.images, a.area, a.beds, a.baths, a.rating, a.remarks, a.properties, a.floor_plan, a.tags, a.create_time, a.city_id, a.community_id, a.address, a.state from house a WHERE state = 1 and a.id = ? order by a.create_time desc limit ?,? 
2018-06-03 22:29:55.629  [http-nio-8091-exec-2] DEBUG [com.mooc.house.biz.mapper.HouseMapper.selectPageHouses:] http-nio-8091-exec-2cid - ==> Parameters: 45(Long), 0(Integer), 1(Integer)
2018-06-03 22:29:55.630  [http-nio-8091-exec-2] DEBUG [com.mooc.house.biz.mapper.HouseMapper.selectPageHouses:] http-nio-8091-exec-2cid - <==      Total: 1
2018-06-03 22:29:55.631  [http-nio-8091-exec-2] DEBUG [com.mooc.house.biz.mapper.HouseMapper.selectSaleHouseUser:] http-nio-8091-exec-2cid - ==>  Preparing: select id,house_id,user_id,create_time,type from house_user where house_id = ? and type = 1 limit 1 
2018-06-03 22:29:55.631  [http-nio-8091-exec-2] DEBUG [com.mooc.house.biz.mapper.HouseMapper.selectSaleHouseUser:] http-nio-8091-exec-2cid - ==> Parameters: 45(Long)
2018-06-03 22:29:55.633  [http-nio-8091-exec-2] DEBUG [com.mooc.house.biz.mapper.HouseMapper.selectSaleHouseUser:] http-nio-8091-exec-2cid - <==      Total: 1
2018-06-03 22:29:55.635  [http-nio-8091-exec-2] DEBUG [com.mooc.house.biz.mapper.CommentMapper.selectComments:] http-nio-8091-exec-2cid - ==>  Preparing: select id, content, house_id, create_time, blog_id, type, user_id from comment where type =1 and house_id = ? order by create_time desc limit ? 
2018-06-03 22:29:55.636  [http-nio-8091-exec-2] DEBUG [com.mooc.house.biz.mapper.CommentMapper.selectComments:] http-nio-8091-exec-2cid - ==> Parameters: 45(Long), 8(Integer)
2018-06-03 22:29:55.638  [http-nio-8091-exec-2] DEBUG [com.mooc.house.biz.mapper.CommentMapper.selectComments:] http-nio-8091-exec-2cid - <==      Total: 0
2018-06-03 22:29:55.641  [http-nio-8091-exec-2] DEBUG [com.mooc.house.biz.mapper.AgencyMapper.selectAgent:] http-nio-8091-exec-2cid - ==>  Preparing: select * from user WHERE enable = 1 and type = 2 and id = ? order by id desc limit ?, ? 
2018-06-03 22:29:55.642  [http-nio-8091-exec-2] DEBUG [com.mooc.house.biz.mapper.AgencyMapper.selectAgent:] http-nio-8091-exec-2cid - ==> Parameters: 7(Long), 0(Integer), 1(Integer)
2018-06-03 22:29:55.644  [http-nio-8091-exec-2] DEBUG [com.mooc.house.biz.mapper.AgencyMapper.selectAgent:] http-nio-8091-exec-2cid - <==      Total: 1
2018-06-03 22:29:55.646  [http-nio-8091-exec-2] DEBUG [com.mooc.house.biz.mapper.AgencyMapper.select:] http-nio-8091-exec-2cid - ==>  Preparing: select id , name, address, phone, email, about_us, mobile, web_site from agency WHERE id = ? 
2018-06-03 22:29:55.647  [http-nio-8091-exec-2] DEBUG [com.mooc.house.biz.mapper.AgencyMapper.select:] http-nio-8091-exec-2cid - ==> Parameters: 1(Integer)
2018-06-03 22:29:55.649  [http-nio-8091-exec-2] DEBUG [com.mooc.house.biz.mapper.AgencyMapper.select:] http-nio-8091-exec-2cid - <==      Total: 1
2018-06-03 22:39:16.685  [http-nio-8091-exec-3] DEBUG [com.mooc.house.biz.mapper.HouseMapper.selectPageHouses:] http-nio-8091-exec-3cid - ==>  Preparing: select a.id, a.type, a.name, a.price, a.images, a.area, a.beds, a.baths, a.rating, a.remarks, a.properties, a.floor_plan, a.tags, a.create_time, a.city_id, a.community_id, a.address, a.state from house a WHERE state = 1 and a.id = ? order by a.create_time desc limit ?,? 
2018-06-03 22:39:16.686  [http-nio-8091-exec-3] DEBUG [com.mooc.house.biz.mapper.HouseMapper.selectPageHouses:] http-nio-8091-exec-3cid - ==> Parameters: 45(Long), 0(Integer), 1(Integer)
2018-06-03 22:39:16.690  [http-nio-8091-exec-3] DEBUG [com.mooc.house.biz.mapper.HouseMapper.selectPageHouses:] http-nio-8091-exec-3cid - <==      Total: 1
2018-06-03 22:39:16.691  [http-nio-8091-exec-3] DEBUG [com.mooc.house.biz.mapper.HouseMapper.selectSaleHouseUser:] http-nio-8091-exec-3cid - ==>  Preparing: select id,house_id,user_id,create_time,type from house_user where house_id = ? and type = 1 limit 1 
2018-06-03 22:39:16.691  [http-nio-8091-exec-3] DEBUG [com.mooc.house.biz.mapper.HouseMapper.selectSaleHouseUser:] http-nio-8091-exec-3cid - ==> Parameters: 45(Long)
2018-06-03 22:39:16.693  [http-nio-8091-exec-3] DEBUG [com.mooc.house.biz.mapper.HouseMapper.selectSaleHouseUser:] http-nio-8091-exec-3cid - <==      Total: 1
2018-06-03 22:39:17.112  [http-nio-8091-exec-3] DEBUG [com.mooc.house.biz.mapper.CommentMapper.selectComments:] http-nio-8091-exec-3cid - ==>  Preparing: select id, content, house_id, create_time, blog_id, type, user_id from comment where type =1 and house_id = ? order by create_time desc limit ? 
2018-06-03 22:39:17.113  [http-nio-8091-exec-3] DEBUG [com.mooc.house.biz.mapper.CommentMapper.selectComments:] http-nio-8091-exec-3cid - ==> Parameters: 45(Long), 8(Integer)
2018-06-03 22:39:17.114  [http-nio-8091-exec-3] DEBUG [com.mooc.house.biz.mapper.CommentMapper.selectComments:] http-nio-8091-exec-3cid - <==      Total: 0
2018-06-03 22:39:17.116  [http-nio-8091-exec-3] DEBUG [com.mooc.house.biz.mapper.AgencyMapper.selectAgent:] http-nio-8091-exec-3cid - ==>  Preparing: select * from user WHERE enable = 1 and type = 2 and id = ? order by id desc limit ?, ? 
2018-06-03 22:39:17.117  [http-nio-8091-exec-3] DEBUG [com.mooc.house.biz.mapper.AgencyMapper.selectAgent:] http-nio-8091-exec-3cid - ==> Parameters: 7(Long), 0(Integer), 1(Integer)
2018-06-03 22:39:17.118  [http-nio-8091-exec-3] DEBUG [com.mooc.house.biz.mapper.AgencyMapper.selectAgent:] http-nio-8091-exec-3cid - <==      Total: 1
2018-06-03 22:39:17.119  [http-nio-8091-exec-3] DEBUG [com.mooc.house.biz.mapper.AgencyMapper.select:] http-nio-8091-exec-3cid - ==>  Preparing: select id , name, address, phone, email, about_us, mobile, web_site from agency WHERE id = ? 
2018-06-03 22:39:17.119  [http-nio-8091-exec-3] DEBUG [com.mooc.house.biz.mapper.AgencyMapper.select:] http-nio-8091-exec-3cid - ==> Parameters: 1(Integer)
2018-06-03 22:39:17.120  [http-nio-8091-exec-3] DEBUG [com.mooc.house.biz.mapper.AgencyMapper.select:] http-nio-8091-exec-3cid - <==      Total: 1
2018-06-03 22:39:20.552  [http-nio-8091-exec-3] DEBUG [com.mooc.house.biz.mapper.HouseMapper.selectPageHouses:] http-nio-8091-exec-3cid - ==>  Preparing: select a.id, a.type, a.name, a.price, a.images, a.area, a.beds, a.baths, a.rating, a.remarks, a.properties, a.floor_plan, a.tags, a.create_time, a.city_id, a.community_id, a.address, a.state from house a WHERE state = 1 order by a.create_time desc limit ?,? 
2018-06-03 22:39:20.552  [http-nio-8091-exec-3] DEBUG [com.mooc.house.biz.mapper.HouseMapper.selectPageHouses:] http-nio-8091-exec-3cid - ==> Parameters: 0(Integer), 8(Integer)
2018-06-03 22:39:20.558  [http-nio-8091-exec-3] DEBUG [com.mooc.house.biz.mapper.HouseMapper.selectPageHouses:] http-nio-8091-exec-3cid - <==      Total: 8
2018-06-03 22:39:23.675  [http-nio-8091-exec-2] DEBUG [com.mooc.house.biz.mapper.HouseMapper.selectPageHouses:] http-nio-8091-exec-2cid - ==>  Preparing: select a.id, a.type, a.name, a.price, a.images, a.area, a.beds, a.baths, a.rating, a.remarks, a.properties, a.floor_plan, a.tags, a.create_time, a.city_id, a.community_id, a.address, a.state from house a WHERE state = 1 and a.type = ? order by a.create_time desc limit ?,? 
2018-06-03 22:39:23.676  [http-nio-8091-exec-2] DEBUG [com.mooc.house.biz.mapper.HouseMapper.selectPageHouses:] http-nio-8091-exec-2cid - ==> Parameters: 1(Integer), 0(Integer), 5(Integer)
2018-06-03 22:39:23.678  [http-nio-8091-exec-2] DEBUG [com.mooc.house.biz.mapper.HouseMapper.selectPageHouses:] http-nio-8091-exec-2cid - <==      Total: 5
2018-06-03 22:39:23.679  [http-nio-8091-exec-2] DEBUG [com.mooc.house.biz.mapper.HouseMapper.selectPageCount:] http-nio-8091-exec-2cid - ==>  Preparing: select count(id) from house a WHERE state = 1 and a.type = ? 
2018-06-03 22:39:23.680  [http-nio-8091-exec-2] DEBUG [com.mooc.house.biz.mapper.HouseMapper.selectPageCount:] http-nio-8091-exec-2cid - ==> Parameters: 1(Integer)
2018-06-03 22:39:23.682  [http-nio-8091-exec-2] DEBUG [com.mooc.house.biz.mapper.HouseMapper.selectPageCount:] http-nio-8091-exec-2cid - <==      Total: 1
2018-06-03 22:39:25.379  [http-nio-8091-exec-9] DEBUG [com.mooc.house.biz.mapper.HouseMapper.selectPageHouses:] http-nio-8091-exec-9cid - ==>  Preparing: select a.id, a.type, a.name, a.price, a.images, a.area, a.beds, a.baths, a.rating, a.remarks, a.properties, a.floor_plan, a.tags, a.create_time, a.city_id, a.community_id, a.address, a.state from house a WHERE state = 1 and a.id = ? order by a.create_time desc limit ?,? 
2018-06-03 22:39:25.379  [http-nio-8091-exec-9] DEBUG [com.mooc.house.biz.mapper.HouseMapper.selectPageHouses:] http-nio-8091-exec-9cid - ==> Parameters: 44(Long), 0(Integer), 1(Integer)
2018-06-03 22:39:25.381  [http-nio-8091-exec-9] DEBUG [com.mooc.house.biz.mapper.HouseMapper.selectPageHouses:] http-nio-8091-exec-9cid - <==      Total: 1
2018-06-03 22:39:25.381  [http-nio-8091-exec-9] DEBUG [com.mooc.house.biz.mapper.HouseMapper.selectSaleHouseUser:] http-nio-8091-exec-9cid - ==>  Preparing: select id,house_id,user_id,create_time,type from house_user where house_id = ? and type = 1 limit 1 
2018-06-03 22:39:25.382  [http-nio-8091-exec-9] DEBUG [com.mooc.house.biz.mapper.HouseMapper.selectSaleHouseUser:] http-nio-8091-exec-9cid - ==> Parameters: 44(Long)
2018-06-03 22:39:25.383  [http-nio-8091-exec-9] DEBUG [com.mooc.house.biz.mapper.HouseMapper.selectSaleHouseUser:] http-nio-8091-exec-9cid - <==      Total: 1
2018-06-03 22:39:25.384  [http-nio-8091-exec-9] DEBUG [com.mooc.house.biz.mapper.CommentMapper.selectComments:] http-nio-8091-exec-9cid - ==>  Preparing: select id, content, house_id, create_time, blog_id, type, user_id from comment where type =1 and house_id = ? order by create_time desc limit ? 
2018-06-03 22:39:25.384  [http-nio-8091-exec-9] DEBUG [com.mooc.house.biz.mapper.CommentMapper.selectComments:] http-nio-8091-exec-9cid - ==> Parameters: 44(Long), 8(Integer)
2018-06-03 22:39:25.385  [http-nio-8091-exec-9] DEBUG [com.mooc.house.biz.mapper.CommentMapper.selectComments:] http-nio-8091-exec-9cid - <==      Total: 0
2018-06-03 22:39:25.385  [http-nio-8091-exec-9] DEBUG [com.mooc.house.biz.mapper.AgencyMapper.selectAgent:] http-nio-8091-exec-9cid - ==>  Preparing: select * from user WHERE enable = 1 and type = 2 and id = ? order by id desc limit ?, ? 
2018-06-03 22:39:25.386  [http-nio-8091-exec-9] DEBUG [com.mooc.house.biz.mapper.AgencyMapper.selectAgent:] http-nio-8091-exec-9cid - ==> Parameters: 7(Long), 0(Integer), 1(Integer)
2018-06-03 22:39:25.387  [http-nio-8091-exec-9] DEBUG [com.mooc.house.biz.mapper.AgencyMapper.selectAgent:] http-nio-8091-exec-9cid - <==      Total: 1
2018-06-03 22:39:25.387  [http-nio-8091-exec-9] DEBUG [com.mooc.house.biz.mapper.AgencyMapper.select:] http-nio-8091-exec-9cid - ==>  Preparing: select id , name, address, phone, email, about_us, mobile, web_site from agency WHERE id = ? 
2018-06-03 22:39:25.388  [http-nio-8091-exec-9] DEBUG [com.mooc.house.biz.mapper.AgencyMapper.select:] http-nio-8091-exec-9cid - ==> Parameters: 1(Integer)
2018-06-03 22:39:25.388  [http-nio-8091-exec-9] DEBUG [com.mooc.house.biz.mapper.AgencyMapper.select:] http-nio-8091-exec-9cid - <==      Total: 1
2018-06-03 22:47:01.986  [http-nio-8091-exec-1] DEBUG [com.mooc.house.biz.mapper.HouseMapper.selectPageHouses:] http-nio-8091-exec-1cid - ==>  Preparing: select a.id, a.type, a.name, a.price, a.images, a.area, a.beds, a.baths, a.rating, a.remarks, a.properties, a.floor_plan, a.tags, a.create_time, a.city_id, a.community_id, a.address, a.state from house a WHERE state = 1 and a.id = ? order by a.create_time desc limit ?,? 
2018-06-03 22:47:01.988  [http-nio-8091-exec-1] DEBUG [com.mooc.house.biz.mapper.HouseMapper.selectPageHouses:] http-nio-8091-exec-1cid - ==> Parameters: 45(Long), 0(Integer), 1(Integer)
2018-06-03 22:47:01.991  [http-nio-8091-exec-1] DEBUG [com.mooc.house.biz.mapper.HouseMapper.selectPageHouses:] http-nio-8091-exec-1cid - <==      Total: 1
2018-06-03 22:47:01.991  [http-nio-8091-exec-1] DEBUG [com.mooc.house.biz.mapper.HouseMapper.selectSaleHouseUser:] http-nio-8091-exec-1cid - ==>  Preparing: select id,house_id,user_id,create_time,type from house_user where house_id = ? and type = 1 limit 1 
2018-06-03 22:47:01.992  [http-nio-8091-exec-1] DEBUG [com.mooc.house.biz.mapper.HouseMapper.selectSaleHouseUser:] http-nio-8091-exec-1cid - ==> Parameters: 45(Long)
2018-06-03 22:47:01.994  [http-nio-8091-exec-1] DEBUG [com.mooc.house.biz.mapper.HouseMapper.selectSaleHouseUser:] http-nio-8091-exec-1cid - <==      Total: 1
2018-06-03 22:47:01.996  [http-nio-8091-exec-1] DEBUG [com.mooc.house.biz.mapper.CommentMapper.selectComments:] http-nio-8091-exec-1cid - ==>  Preparing: select id, content, house_id, create_time, blog_id, type, user_id from comment where type =1 and house_id = ? order by create_time desc limit ? 
2018-06-03 22:47:01.996  [http-nio-8091-exec-1] DEBUG [com.mooc.house.biz.mapper.CommentMapper.selectComments:] http-nio-8091-exec-1cid - ==> Parameters: 45(Long), 8(Integer)
2018-06-03 22:47:01.998  [http-nio-8091-exec-1] DEBUG [com.mooc.house.biz.mapper.CommentMapper.selectComments:] http-nio-8091-exec-1cid - <==      Total: 0
2018-06-03 22:47:01.999  [http-nio-8091-exec-1] DEBUG [com.mooc.house.biz.mapper.AgencyMapper.selectAgent:] http-nio-8091-exec-1cid - ==>  Preparing: select * from user WHERE enable = 1 and type = 2 and id = ? order by id desc limit ?, ? 
2018-06-03 22:47:02.000  [http-nio-8091-exec-1] DEBUG [com.mooc.house.biz.mapper.AgencyMapper.selectAgent:] http-nio-8091-exec-1cid - ==> Parameters: 7(Long), 0(Integer), 1(Integer)
2018-06-03 22:47:02.002  [http-nio-8091-exec-1] DEBUG [com.mooc.house.biz.mapper.AgencyMapper.selectAgent:] http-nio-8091-exec-1cid - <==      Total: 1
2018-06-03 22:47:02.003  [http-nio-8091-exec-1] DEBUG [com.mooc.house.biz.mapper.AgencyMapper.select:] http-nio-8091-exec-1cid - ==>  Preparing: select id , name, address, phone, email, about_us, mobile, web_site from agency WHERE id = ? 
2018-06-03 22:47:02.003  [http-nio-8091-exec-1] DEBUG [com.mooc.house.biz.mapper.AgencyMapper.select:] http-nio-8091-exec-1cid - ==> Parameters: 1(Integer)
2018-06-03 22:47:02.006  [http-nio-8091-exec-1] DEBUG [com.mooc.house.biz.mapper.AgencyMapper.select:] http-nio-8091-exec-1cid - <==      Total: 1
2018-06-03 22:52:23.789  [http-nio-8091-exec-8] DEBUG [com.mooc.house.biz.mapper.UserMapper.selectUsersByQuery:] http-nio-8091-exec-8cid - ==>  Preparing: select * from user WHERE email = ? and passwd = ? and enable = ? 
2018-06-03 22:52:23.790  [http-nio-8091-exec-8] DEBUG [com.mooc.house.biz.mapper.UserMapper.selectUsersByQuery:] http-nio-8091-exec-8cid - ==> Parameters: spring_boot@163.com(String), 3bf8013c27e39f2bb7060368bf5f6e49(String), 1(Integer)
2018-06-03 22:52:23.791  [http-nio-8091-exec-8] DEBUG [com.mooc.house.biz.mapper.UserMapper.selectUsersByQuery:] http-nio-8091-exec-8cid - <==      Total: 1
2018-06-03 22:52:23.810  [http-nio-8091-exec-7] DEBUG [com.mooc.house.biz.mapper.HouseMapper.selectPageHouses:] http-nio-8091-exec-7cid - ==>  Preparing: select a.id, a.type, a.name, a.price, a.images, a.area, a.beds, a.baths, a.rating, a.remarks, a.properties, a.floor_plan, a.tags, a.create_time, a.city_id, a.community_id, a.address, a.state from house a WHERE state = 1 order by a.create_time desc limit ?,? 
2018-06-03 22:52:23.811  [http-nio-8091-exec-7] DEBUG [com.mooc.house.biz.mapper.HouseMapper.selectPageHouses:] http-nio-8091-exec-7cid - ==> Parameters: 0(Integer), 8(Integer)
2018-06-03 22:52:23.813  [http-nio-8091-exec-7] DEBUG [com.mooc.house.biz.mapper.HouseMapper.selectPageHouses:] http-nio-8091-exec-7cid - <==      Total: 8
2018-06-03 22:52:26.906  [http-nio-8091-exec-6] DEBUG [com.mooc.house.biz.mapper.HouseMapper.selectPageHouses:] http-nio-8091-exec-6cid - ==>  Preparing: select a.id, a.type, a.name, a.price, a.images, a.area, a.beds, a.baths, a.rating, a.remarks, a.properties, a.floor_plan, a.tags, a.create_time, a.city_id, a.community_id, a.address, a.state from house a WHERE state = 1 and a.type = ? order by a.create_time desc limit ?,? 
2018-06-03 22:52:26.907  [http-nio-8091-exec-6] DEBUG [com.mooc.house.biz.mapper.HouseMapper.selectPageHouses:] http-nio-8091-exec-6cid - ==> Parameters: 1(Integer), 0(Integer), 5(Integer)
2018-06-03 22:52:26.909  [http-nio-8091-exec-6] DEBUG [com.mooc.house.biz.mapper.HouseMapper.selectPageHouses:] http-nio-8091-exec-6cid - <==      Total: 5
2018-06-03 22:52:26.910  [http-nio-8091-exec-6] DEBUG [com.mooc.house.biz.mapper.HouseMapper.selectPageCount:] http-nio-8091-exec-6cid - ==>  Preparing: select count(id) from house a WHERE state = 1 and a.type = ? 
2018-06-03 22:52:26.910  [http-nio-8091-exec-6] DEBUG [com.mooc.house.biz.mapper.HouseMapper.selectPageCount:] http-nio-8091-exec-6cid - ==> Parameters: 1(Integer)
2018-06-03 22:52:26.911  [http-nio-8091-exec-6] DEBUG [com.mooc.house.biz.mapper.HouseMapper.selectPageCount:] http-nio-8091-exec-6cid - <==      Total: 1
2018-06-03 22:52:34.645  [http-nio-8091-exec-1] DEBUG [com.mooc.house.biz.mapper.HouseMapper.selectPageHouses:] http-nio-8091-exec-1cid - ==>  Preparing: select a.id, a.type, a.name, a.price, a.images, a.area, a.beds, a.baths, a.rating, a.remarks, a.properties, a.floor_plan, a.tags, a.create_time, a.city_id, a.community_id, a.address, a.state from house a WHERE state = 1 and a.id = ? order by a.create_time desc limit ?,? 
2018-06-03 22:52:34.646  [http-nio-8091-exec-1] DEBUG [com.mooc.house.biz.mapper.HouseMapper.selectPageHouses:] http-nio-8091-exec-1cid - ==> Parameters: 45(Long), 0(Integer), 1(Integer)
2018-06-03 22:52:34.647  [http-nio-8091-exec-1] DEBUG [com.mooc.house.biz.mapper.HouseMapper.selectPageHouses:] http-nio-8091-exec-1cid - <==      Total: 1
2018-06-03 22:52:34.648  [http-nio-8091-exec-1] DEBUG [com.mooc.house.biz.mapper.HouseMapper.selectSaleHouseUser:] http-nio-8091-exec-1cid - ==>  Preparing: select id,house_id,user_id,create_time,type from house_user where house_id = ? and type = 1 limit 1 
2018-06-03 22:52:34.648  [http-nio-8091-exec-1] DEBUG [com.mooc.house.biz.mapper.HouseMapper.selectSaleHouseUser:] http-nio-8091-exec-1cid - ==> Parameters: 45(Long)
2018-06-03 22:52:34.649  [http-nio-8091-exec-1] DEBUG [com.mooc.house.biz.mapper.HouseMapper.selectSaleHouseUser:] http-nio-8091-exec-1cid - <==      Total: 1
2018-06-03 22:52:34.650  [http-nio-8091-exec-1] DEBUG [com.mooc.house.biz.mapper.CommentMapper.selectComments:] http-nio-8091-exec-1cid - ==>  Preparing: select id, content, house_id, create_time, blog_id, type, user_id from comment where type =1 and house_id = ? order by create_time desc limit ? 
2018-06-03 22:52:34.650  [http-nio-8091-exec-1] DEBUG [com.mooc.house.biz.mapper.CommentMapper.selectComments:] http-nio-8091-exec-1cid - ==> Parameters: 45(Long), 8(Integer)
2018-06-03 22:52:34.651  [http-nio-8091-exec-1] DEBUG [com.mooc.house.biz.mapper.CommentMapper.selectComments:] http-nio-8091-exec-1cid - <==      Total: 0
2018-06-03 22:52:34.652  [http-nio-8091-exec-1] DEBUG [com.mooc.house.biz.mapper.AgencyMapper.selectAgent:] http-nio-8091-exec-1cid - ==>  Preparing: select * from user WHERE enable = 1 and type = 2 and id = ? order by id desc limit ?, ? 
2018-06-03 22:52:34.652  [http-nio-8091-exec-1] DEBUG [com.mooc.house.biz.mapper.AgencyMapper.selectAgent:] http-nio-8091-exec-1cid - ==> Parameters: 7(Long), 0(Integer), 1(Integer)
2018-06-03 22:52:34.653  [http-nio-8091-exec-1] DEBUG [com.mooc.house.biz.mapper.AgencyMapper.selectAgent:] http-nio-8091-exec-1cid - <==      Total: 1
2018-06-03 22:52:34.654  [http-nio-8091-exec-1] DEBUG [com.mooc.house.biz.mapper.AgencyMapper.select:] http-nio-8091-exec-1cid - ==>  Preparing: select id , name, address, phone, email, about_us, mobile, web_site from agency WHERE id = ? 
2018-06-03 22:52:34.654  [http-nio-8091-exec-1] DEBUG [com.mooc.house.biz.mapper.AgencyMapper.select:] http-nio-8091-exec-1cid - ==> Parameters: 1(Integer)
2018-06-03 22:52:34.655  [http-nio-8091-exec-1] DEBUG [com.mooc.house.biz.mapper.AgencyMapper.select:] http-nio-8091-exec-1cid - <==      Total: 1
