2018-06-03 23:12:39.981  [http-nio-8091-exec-10] DEBUG [com.mooc.house.biz.mapper.HouseMapper.selectPageHouses:] http-nio-8091-exec-10cid - ==>  Preparing: select a.id, a.type, a.name, a.price, a.images, a.area, a.beds, a.baths, a.rating, a.remarks, a.properties, a.floor_plan, a.tags, a.create_time, a.city_id, a.community_id, a.address, a.state from house a WHERE state = 1 and a.id = ? order by a.create_time desc limit ?,? 
2018-06-03 23:12:39.982  [http-nio-8091-exec-10] DEBUG [com.mooc.house.biz.mapper.HouseMapper.selectPageHouses:] http-nio-8091-exec-10cid - ==> Parameters: 45(Long), 0(Integer), 1(Integer)
2018-06-03 23:12:39.983  [http-nio-8091-exec-10] DEBUG [com.mooc.house.biz.mapper.HouseMapper.selectPageHouses:] http-nio-8091-exec-10cid - <==      Total: 1
2018-06-03 23:12:39.984  [http-nio-8091-exec-10] DEBUG [com.mooc.house.biz.mapper.HouseMapper.selectSaleHouseUser:] http-nio-8091-exec-10cid - ==>  Preparing: select id,house_id,user_id,create_time,type from house_user where house_id = ? and type = 1 limit 1 
2018-06-03 23:12:39.984  [http-nio-8091-exec-10] DEBUG [com.mooc.house.biz.mapper.HouseMapper.selectSaleHouseUser:] http-nio-8091-exec-10cid - ==> Parameters: 45(Long)
2018-06-03 23:12:39.986  [http-nio-8091-exec-10] DEBUG [com.mooc.house.biz.mapper.HouseMapper.selectSaleHouseUser:] http-nio-8091-exec-10cid - <==      Total: 1
2018-06-03 23:12:40.092  [http-nio-8091-exec-10] DEBUG [com.mooc.house.biz.mapper.CommentMapper.selectComments:] http-nio-8091-exec-10cid - ==>  Preparing: select id, content, house_id, create_time, blog_id, type, user_id from comment where type =1 and house_id = ? order by create_time desc limit ? 
2018-06-03 23:12:40.093  [http-nio-8091-exec-10] DEBUG [com.mooc.house.biz.mapper.CommentMapper.selectComments:] http-nio-8091-exec-10cid - ==> Parameters: 45(Long), 8(Integer)
2018-06-03 23:12:40.094  [http-nio-8091-exec-10] DEBUG [com.mooc.house.biz.mapper.CommentMapper.selectComments:] http-nio-8091-exec-10cid - <==      Total: 0
2018-06-03 23:12:40.096  [http-nio-8091-exec-10] DEBUG [com.mooc.house.biz.mapper.AgencyMapper.selectAgent:] http-nio-8091-exec-10cid - ==>  Preparing: select * from user WHERE enable = 1 and type = 2 and id = ? order by id desc limit ?, ? 
2018-06-03 23:12:40.096  [http-nio-8091-exec-10] DEBUG [com.mooc.house.biz.mapper.AgencyMapper.selectAgent:] http-nio-8091-exec-10cid - ==> Parameters: 7(Long), 0(Integer), 1(Integer)
2018-06-03 23:12:40.098  [http-nio-8091-exec-10] DEBUG [com.mooc.house.biz.mapper.AgencyMapper.selectAgent:] http-nio-8091-exec-10cid - <==      Total: 1
2018-06-03 23:12:40.099  [http-nio-8091-exec-10] DEBUG [com.mooc.house.biz.mapper.AgencyMapper.select:] http-nio-8091-exec-10cid - ==>  Preparing: select id , name, address, phone, email, about_us, mobile, web_site from agency WHERE id = ? 
2018-06-03 23:12:40.099  [http-nio-8091-exec-10] DEBUG [com.mooc.house.biz.mapper.AgencyMapper.select:] http-nio-8091-exec-10cid - ==> Parameters: 1(Integer)
2018-06-03 23:12:40.100  [http-nio-8091-exec-10] DEBUG [com.mooc.house.biz.mapper.AgencyMapper.select:] http-nio-8091-exec-10cid - <==      Total: 1
2018-06-03 23:12:41.623  [http-nio-8091-exec-10] DEBUG [com.mooc.house.biz.mapper.HouseMapper.selectPageHouses:] http-nio-8091-exec-10cid - ==>  Preparing: select a.id, a.type, a.name, a.price, a.images, a.area, a.beds, a.baths, a.rating, a.remarks, a.properties, a.floor_plan, a.tags, a.create_time, a.city_id, a.community_id, a.address, a.state from house a WHERE state = 1 and a.id = ? order by a.create_time desc limit ?,? 
2018-06-03 23:12:41.624  [http-nio-8091-exec-10] DEBUG [com.mooc.house.biz.mapper.HouseMapper.selectPageHouses:] http-nio-8091-exec-10cid - ==> Parameters: 45(Long), 0(Integer), 1(Integer)
2018-06-03 23:12:41.626  [http-nio-8091-exec-10] DEBUG [com.mooc.house.biz.mapper.HouseMapper.selectPageHouses:] http-nio-8091-exec-10cid - <==      Total: 1
2018-06-03 23:12:41.626  [http-nio-8091-exec-10] DEBUG [com.mooc.house.biz.mapper.HouseMapper.selectSaleHouseUser:] http-nio-8091-exec-10cid - ==>  Preparing: select id,house_id,user_id,create_time,type from house_user where house_id = ? and type = 1 limit 1 
2018-06-03 23:12:41.627  [http-nio-8091-exec-10] DEBUG [com.mooc.house.biz.mapper.HouseMapper.selectSaleHouseUser:] http-nio-8091-exec-10cid - ==> Parameters: 45(Long)
2018-06-03 23:12:41.628  [http-nio-8091-exec-10] DEBUG [com.mooc.house.biz.mapper.HouseMapper.selectSaleHouseUser:] http-nio-8091-exec-10cid - <==      Total: 1
2018-06-03 23:12:42.050  [http-nio-8091-exec-10] DEBUG [com.mooc.house.biz.mapper.CommentMapper.selectComments:] http-nio-8091-exec-10cid - ==>  Preparing: select id, content, house_id, create_time, blog_id, type, user_id from comment where type =1 and house_id = ? order by create_time desc limit ? 
2018-06-03 23:12:42.051  [http-nio-8091-exec-10] DEBUG [com.mooc.house.biz.mapper.CommentMapper.selectComments:] http-nio-8091-exec-10cid - ==> Parameters: 45(Long), 8(Integer)
2018-06-03 23:12:42.052  [http-nio-8091-exec-10] DEBUG [com.mooc.house.biz.mapper.CommentMapper.selectComments:] http-nio-8091-exec-10cid - <==      Total: 0
2018-06-03 23:12:42.053  [http-nio-8091-exec-10] DEBUG [com.mooc.house.biz.mapper.AgencyMapper.selectAgent:] http-nio-8091-exec-10cid - ==>  Preparing: select * from user WHERE enable = 1 and type = 2 and id = ? order by id desc limit ?, ? 
2018-06-03 23:12:42.054  [http-nio-8091-exec-10] DEBUG [com.mooc.house.biz.mapper.AgencyMapper.selectAgent:] http-nio-8091-exec-10cid - ==> Parameters: 7(Long), 0(Integer), 1(Integer)
2018-06-03 23:12:42.055  [http-nio-8091-exec-10] DEBUG [com.mooc.house.biz.mapper.AgencyMapper.selectAgent:] http-nio-8091-exec-10cid - <==      Total: 1
2018-06-03 23:12:42.056  [http-nio-8091-exec-10] DEBUG [com.mooc.house.biz.mapper.AgencyMapper.select:] http-nio-8091-exec-10cid - ==>  Preparing: select id , name, address, phone, email, about_us, mobile, web_site from agency WHERE id = ? 
2018-06-03 23:12:42.056  [http-nio-8091-exec-10] DEBUG [com.mooc.house.biz.mapper.AgencyMapper.select:] http-nio-8091-exec-10cid - ==> Parameters: 1(Integer)
2018-06-03 23:12:42.057  [http-nio-8091-exec-10] DEBUG [com.mooc.house.biz.mapper.AgencyMapper.select:] http-nio-8091-exec-10cid - <==      Total: 1
2018-06-03 23:12:43.206  [http-nio-8091-exec-7] DEBUG [com.mooc.house.biz.mapper.HouseMapper.selectPageHouses:] http-nio-8091-exec-7cid - ==>  Preparing: select a.id, a.type, a.name, a.price, a.images, a.area, a.beds, a.baths, a.rating, a.remarks, a.properties, a.floor_plan, a.tags, a.create_time, a.city_id, a.community_id, a.address, a.state from house a WHERE state = 1 and a.id = ? order by a.create_time desc limit ?,? 
2018-06-03 23:12:43.207  [http-nio-8091-exec-7] DEBUG [com.mooc.house.biz.mapper.HouseMapper.selectPageHouses:] http-nio-8091-exec-7cid - ==> Parameters: 45(Long), 0(Integer), 1(Integer)
2018-06-03 23:12:43.208  [http-nio-8091-exec-7] DEBUG [com.mooc.house.biz.mapper.HouseMapper.selectPageHouses:] http-nio-8091-exec-7cid - <==      Total: 1
2018-06-03 23:12:43.208  [http-nio-8091-exec-7] DEBUG [com.mooc.house.biz.mapper.HouseMapper.selectSaleHouseUser:] http-nio-8091-exec-7cid - ==>  Preparing: select id,house_id,user_id,create_time,type from house_user where house_id = ? and type = 1 limit 1 
2018-06-03 23:12:43.209  [http-nio-8091-exec-7] DEBUG [com.mooc.house.biz.mapper.HouseMapper.selectSaleHouseUser:] http-nio-8091-exec-7cid - ==> Parameters: 45(Long)
2018-06-03 23:12:43.210  [http-nio-8091-exec-7] DEBUG [com.mooc.house.biz.mapper.HouseMapper.selectSaleHouseUser:] http-nio-8091-exec-7cid - <==      Total: 1
2018-06-03 23:12:43.211  [http-nio-8091-exec-7] DEBUG [com.mooc.house.biz.mapper.CommentMapper.selectComments:] http-nio-8091-exec-7cid - ==>  Preparing: select id, content, house_id, create_time, blog_id, type, user_id from comment where type =1 and house_id = ? order by create_time desc limit ? 
2018-06-03 23:12:43.211  [http-nio-8091-exec-7] DEBUG [com.mooc.house.biz.mapper.CommentMapper.selectComments:] http-nio-8091-exec-7cid - ==> Parameters: 45(Long), 8(Integer)
2018-06-03 23:12:43.212  [http-nio-8091-exec-7] DEBUG [com.mooc.house.biz.mapper.CommentMapper.selectComments:] http-nio-8091-exec-7cid - <==      Total: 0
2018-06-03 23:12:43.213  [http-nio-8091-exec-7] DEBUG [com.mooc.house.biz.mapper.AgencyMapper.selectAgent:] http-nio-8091-exec-7cid - ==>  Preparing: select * from user WHERE enable = 1 and type = 2 and id = ? order by id desc limit ?, ? 
2018-06-03 23:12:43.213  [http-nio-8091-exec-7] DEBUG [com.mooc.house.biz.mapper.AgencyMapper.selectAgent:] http-nio-8091-exec-7cid - ==> Parameters: 7(Long), 0(Integer), 1(Integer)
2018-06-03 23:12:43.214  [http-nio-8091-exec-7] DEBUG [com.mooc.house.biz.mapper.AgencyMapper.selectAgent:] http-nio-8091-exec-7cid - <==      Total: 1
2018-06-03 23:12:43.214  [http-nio-8091-exec-7] DEBUG [com.mooc.house.biz.mapper.AgencyMapper.select:] http-nio-8091-exec-7cid - ==>  Preparing: select id , name, address, phone, email, about_us, mobile, web_site from agency WHERE id = ? 
2018-06-03 23:12:43.214  [http-nio-8091-exec-7] DEBUG [com.mooc.house.biz.mapper.AgencyMapper.select:] http-nio-8091-exec-7cid - ==> Parameters: 1(Integer)
2018-06-03 23:12:43.215  [http-nio-8091-exec-7] DEBUG [com.mooc.house.biz.mapper.AgencyMapper.select:] http-nio-8091-exec-7cid - <==      Total: 1
2018-06-03 23:35:49.286  [http-nio-8091-exec-4] DEBUG [com.mooc.house.biz.mapper.HouseMapper.selectPageHouses:] http-nio-8091-exec-4cid - ==>  Preparing: select a.id, a.type, a.name, a.price, a.images, a.area, a.beds, a.baths, a.rating, a.remarks, a.properties, a.floor_plan, a.tags, a.create_time, a.city_id, a.community_id, a.address, a.state from house a WHERE state = 1 and a.id = ? order by a.create_time desc limit ?,? 
2018-06-03 23:35:49.287  [http-nio-8091-exec-4] DEBUG [com.mooc.house.biz.mapper.HouseMapper.selectPageHouses:] http-nio-8091-exec-4cid - ==> Parameters: 45(Long), 0(Integer), 1(Integer)
2018-06-03 23:35:49.288  [http-nio-8091-exec-4] DEBUG [com.mooc.house.biz.mapper.HouseMapper.selectPageHouses:] http-nio-8091-exec-4cid - <==      Total: 1
2018-06-03 23:35:49.329  [http-nio-8091-exec-4] DEBUG [com.mooc.house.biz.mapper.HouseMapper.updateHouse:] http-nio-8091-exec-4cid - ==>  Preparing: update house set rating = ? where id = ? 
2018-06-03 23:35:49.331  [http-nio-8091-exec-4] DEBUG [com.mooc.house.biz.mapper.HouseMapper.updateHouse:] http-nio-8091-exec-4cid - ==> Parameters: 4.0(Double), 45(Long)
2018-06-03 23:35:49.333  [http-nio-8091-exec-4] DEBUG [com.mooc.house.biz.mapper.HouseMapper.updateHouse:] http-nio-8091-exec-4cid - <==    Updates: 1
2018-06-03 23:35:57.409  [http-nio-8091-exec-5] DEBUG [com.mooc.house.biz.mapper.HouseMapper.selectPageHouses:] http-nio-8091-exec-5cid - ==>  Preparing: select a.id, a.type, a.name, a.price, a.images, a.area, a.beds, a.baths, a.rating, a.remarks, a.properties, a.floor_plan, a.tags, a.create_time, a.city_id, a.community_id, a.address, a.state from house a WHERE state = 1 and a.id = ? order by a.create_time desc limit ?,? 
2018-06-03 23:35:57.410  [http-nio-8091-exec-5] DEBUG [com.mooc.house.biz.mapper.HouseMapper.selectPageHouses:] http-nio-8091-exec-5cid - ==> Parameters: 45(Long), 0(Integer), 1(Integer)
2018-06-03 23:35:57.411  [http-nio-8091-exec-5] DEBUG [com.mooc.house.biz.mapper.HouseMapper.selectPageHouses:] http-nio-8091-exec-5cid - <==      Total: 1
2018-06-03 23:35:57.411  [http-nio-8091-exec-5] DEBUG [com.mooc.house.biz.mapper.HouseMapper.selectSaleHouseUser:] http-nio-8091-exec-5cid - ==>  Preparing: select id,house_id,user_id,create_time,type from house_user where house_id = ? and type = 1 limit 1 
2018-06-03 23:35:57.412  [http-nio-8091-exec-5] DEBUG [com.mooc.house.biz.mapper.HouseMapper.selectSaleHouseUser:] http-nio-8091-exec-5cid - ==> Parameters: 45(Long)
2018-06-03 23:35:57.412  [http-nio-8091-exec-5] DEBUG [com.mooc.house.biz.mapper.HouseMapper.selectSaleHouseUser:] http-nio-8091-exec-5cid - <==      Total: 1
2018-06-03 23:35:57.414  [http-nio-8091-exec-5] DEBUG [com.mooc.house.biz.mapper.CommentMapper.selectComments:] http-nio-8091-exec-5cid - ==>  Preparing: select id, content, house_id, create_time, blog_id, type, user_id from comment where type =1 and house_id = ? order by create_time desc limit ? 
2018-06-03 23:35:57.414  [http-nio-8091-exec-5] DEBUG [com.mooc.house.biz.mapper.CommentMapper.selectComments:] http-nio-8091-exec-5cid - ==> Parameters: 45(Long), 8(Integer)
2018-06-03 23:35:57.415  [http-nio-8091-exec-5] DEBUG [com.mooc.house.biz.mapper.CommentMapper.selectComments:] http-nio-8091-exec-5cid - <==      Total: 0
2018-06-03 23:35:57.415  [http-nio-8091-exec-5] DEBUG [com.mooc.house.biz.mapper.AgencyMapper.selectAgent:] http-nio-8091-exec-5cid - ==>  Preparing: select * from user WHERE enable = 1 and type = 2 and id = ? order by id desc limit ?, ? 
2018-06-03 23:35:57.416  [http-nio-8091-exec-5] DEBUG [com.mooc.house.biz.mapper.AgencyMapper.selectAgent:] http-nio-8091-exec-5cid - ==> Parameters: 7(Long), 0(Integer), 1(Integer)
2018-06-03 23:35:57.417  [http-nio-8091-exec-5] DEBUG [com.mooc.house.biz.mapper.AgencyMapper.selectAgent:] http-nio-8091-exec-5cid - <==      Total: 1
2018-06-03 23:35:57.417  [http-nio-8091-exec-5] DEBUG [com.mooc.house.biz.mapper.AgencyMapper.select:] http-nio-8091-exec-5cid - ==>  Preparing: select id , name, address, phone, email, about_us, mobile, web_site from agency WHERE id = ? 
2018-06-03 23:35:57.417  [http-nio-8091-exec-5] DEBUG [com.mooc.house.biz.mapper.AgencyMapper.select:] http-nio-8091-exec-5cid - ==> Parameters: 1(Integer)
2018-06-03 23:35:57.418  [http-nio-8091-exec-5] DEBUG [com.mooc.house.biz.mapper.AgencyMapper.select:] http-nio-8091-exec-5cid - <==      Total: 1
2018-06-03 23:36:18.274  [http-nio-8091-exec-4] DEBUG [com.mooc.house.biz.mapper.HouseMapper.selectPageHouses:] http-nio-8091-exec-4cid - ==>  Preparing: select a.id, a.type, a.name, a.price, a.images, a.area, a.beds, a.baths, a.rating, a.remarks, a.properties, a.floor_plan, a.tags, a.create_time, a.city_id, a.community_id, a.address, a.state from house a WHERE state = 1 and a.type = ? order by a.create_time desc limit ?,? 
2018-06-03 23:36:18.275  [http-nio-8091-exec-4] DEBUG [com.mooc.house.biz.mapper.HouseMapper.selectPageHouses:] http-nio-8091-exec-4cid - ==> Parameters: 1(Integer), 0(Integer), 5(Integer)
2018-06-03 23:36:18.278  [http-nio-8091-exec-4] DEBUG [com.mooc.house.biz.mapper.HouseMapper.selectPageHouses:] http-nio-8091-exec-4cid - <==      Total: 5
2018-06-03 23:36:18.279  [http-nio-8091-exec-4] DEBUG [com.mooc.house.biz.mapper.HouseMapper.selectPageCount:] http-nio-8091-exec-4cid - ==>  Preparing: select count(id) from house a WHERE state = 1 and a.type = ? 
2018-06-03 23:36:18.279  [http-nio-8091-exec-4] DEBUG [com.mooc.house.biz.mapper.HouseMapper.selectPageCount:] http-nio-8091-exec-4cid - ==> Parameters: 1(Integer)
2018-06-03 23:36:18.280  [http-nio-8091-exec-4] DEBUG [com.mooc.house.biz.mapper.HouseMapper.selectPageCount:] http-nio-8091-exec-4cid - <==      Total: 1
2018-06-03 23:36:19.958  [http-nio-8091-exec-5] DEBUG [com.mooc.house.biz.mapper.HouseMapper.selectPageHouses:] http-nio-8091-exec-5cid - ==>  Preparing: select a.id, a.type, a.name, a.price, a.images, a.area, a.beds, a.baths, a.rating, a.remarks, a.properties, a.floor_plan, a.tags, a.create_time, a.city_id, a.community_id, a.address, a.state from house a WHERE state = 1 and a.id = ? order by a.create_time desc limit ?,? 
2018-06-03 23:36:19.959  [http-nio-8091-exec-5] DEBUG [com.mooc.house.biz.mapper.HouseMapper.selectPageHouses:] http-nio-8091-exec-5cid - ==> Parameters: 44(Long), 0(Integer), 1(Integer)
2018-06-03 23:36:19.961  [http-nio-8091-exec-5] DEBUG [com.mooc.house.biz.mapper.HouseMapper.selectPageHouses:] http-nio-8091-exec-5cid - <==      Total: 1
2018-06-03 23:36:19.961  [http-nio-8091-exec-5] DEBUG [com.mooc.house.biz.mapper.HouseMapper.selectSaleHouseUser:] http-nio-8091-exec-5cid - ==>  Preparing: select id,house_id,user_id,create_time,type from house_user where house_id = ? and type = 1 limit 1 
2018-06-03 23:36:19.961  [http-nio-8091-exec-5] DEBUG [com.mooc.house.biz.mapper.HouseMapper.selectSaleHouseUser:] http-nio-8091-exec-5cid - ==> Parameters: 44(Long)
2018-06-03 23:36:19.962  [http-nio-8091-exec-5] DEBUG [com.mooc.house.biz.mapper.HouseMapper.selectSaleHouseUser:] http-nio-8091-exec-5cid - <==      Total: 1
2018-06-03 23:36:19.965  [http-nio-8091-exec-5] DEBUG [com.mooc.house.biz.mapper.CommentMapper.selectComments:] http-nio-8091-exec-5cid - ==>  Preparing: select id, content, house_id, create_time, blog_id, type, user_id from comment where type =1 and house_id = ? order by create_time desc limit ? 
2018-06-03 23:36:19.966  [http-nio-8091-exec-5] DEBUG [com.mooc.house.biz.mapper.CommentMapper.selectComments:] http-nio-8091-exec-5cid - ==> Parameters: 44(Long), 8(Integer)
2018-06-03 23:36:19.966  [http-nio-8091-exec-5] DEBUG [com.mooc.house.biz.mapper.CommentMapper.selectComments:] http-nio-8091-exec-5cid - <==      Total: 0
2018-06-03 23:36:19.967  [http-nio-8091-exec-5] DEBUG [com.mooc.house.biz.mapper.AgencyMapper.selectAgent:] http-nio-8091-exec-5cid - ==>  Preparing: select * from user WHERE enable = 1 and type = 2 and id = ? order by id desc limit ?, ? 
2018-06-03 23:36:19.967  [http-nio-8091-exec-5] DEBUG [com.mooc.house.biz.mapper.AgencyMapper.selectAgent:] http-nio-8091-exec-5cid - ==> Parameters: 7(Long), 0(Integer), 1(Integer)
2018-06-03 23:36:19.968  [http-nio-8091-exec-5] DEBUG [com.mooc.house.biz.mapper.AgencyMapper.selectAgent:] http-nio-8091-exec-5cid - <==      Total: 1
2018-06-03 23:36:19.968  [http-nio-8091-exec-5] DEBUG [com.mooc.house.biz.mapper.AgencyMapper.select:] http-nio-8091-exec-5cid - ==>  Preparing: select id , name, address, phone, email, about_us, mobile, web_site from agency WHERE id = ? 
2018-06-03 23:36:19.968  [http-nio-8091-exec-5] DEBUG [com.mooc.house.biz.mapper.AgencyMapper.select:] http-nio-8091-exec-5cid - ==> Parameters: 1(Integer)
2018-06-03 23:36:19.969  [http-nio-8091-exec-5] DEBUG [com.mooc.house.biz.mapper.AgencyMapper.select:] http-nio-8091-exec-5cid - <==      Total: 1
2018-06-03 23:36:26.254  [http-nio-8091-exec-2] DEBUG [com.mooc.house.biz.mapper.HouseMapper.selectPageHouses:] http-nio-8091-exec-2cid - ==>  Preparing: select a.id, a.type, a.name, a.price, a.images, a.area, a.beds, a.baths, a.rating, a.remarks, a.properties, a.floor_plan, a.tags, a.create_time, a.city_id, a.community_id, a.address, a.state from house a WHERE state = 1 and a.type = ? order by a.create_time desc limit ?,? 
2018-06-03 23:36:26.255  [http-nio-8091-exec-2] DEBUG [com.mooc.house.biz.mapper.HouseMapper.selectPageHouses:] http-nio-8091-exec-2cid - ==> Parameters: 1(Integer), 0(Integer), 5(Integer)
2018-06-03 23:36:26.257  [http-nio-8091-exec-2] DEBUG [com.mooc.house.biz.mapper.HouseMapper.selectPageHouses:] http-nio-8091-exec-2cid - <==      Total: 5
2018-06-03 23:36:26.258  [http-nio-8091-exec-2] DEBUG [com.mooc.house.biz.mapper.HouseMapper.selectPageCount:] http-nio-8091-exec-2cid - ==>  Preparing: select count(id) from house a WHERE state = 1 and a.type = ? 
2018-06-03 23:36:26.258  [http-nio-8091-exec-2] DEBUG [com.mooc.house.biz.mapper.HouseMapper.selectPageCount:] http-nio-8091-exec-2cid - ==> Parameters: 1(Integer)
2018-06-03 23:36:26.259  [http-nio-8091-exec-2] DEBUG [com.mooc.house.biz.mapper.HouseMapper.selectPageCount:] http-nio-8091-exec-2cid - <==      Total: 1
2018-06-03 23:36:28.689  [http-nio-8091-exec-1] DEBUG [com.mooc.house.biz.mapper.HouseMapper.selectPageHouses:] http-nio-8091-exec-1cid - ==>  Preparing: select a.id, a.type, a.name, a.price, a.images, a.area, a.beds, a.baths, a.rating, a.remarks, a.properties, a.floor_plan, a.tags, a.create_time, a.city_id, a.community_id, a.address, a.state from house a WHERE state = 1 and a.id = ? order by a.create_time desc limit ?,? 
2018-06-03 23:36:28.690  [http-nio-8091-exec-1] DEBUG [com.mooc.house.biz.mapper.HouseMapper.selectPageHouses:] http-nio-8091-exec-1cid - ==> Parameters: 42(Long), 0(Integer), 1(Integer)
2018-06-03 23:36:28.691  [http-nio-8091-exec-1] DEBUG [com.mooc.house.biz.mapper.HouseMapper.selectPageHouses:] http-nio-8091-exec-1cid - <==      Total: 1
2018-06-03 23:36:28.692  [http-nio-8091-exec-1] DEBUG [com.mooc.house.biz.mapper.HouseMapper.selectSaleHouseUser:] http-nio-8091-exec-1cid - ==>  Preparing: select id,house_id,user_id,create_time,type from house_user where house_id = ? and type = 1 limit 1 
2018-06-03 23:36:28.692  [http-nio-8091-exec-1] DEBUG [com.mooc.house.biz.mapper.HouseMapper.selectSaleHouseUser:] http-nio-8091-exec-1cid - ==> Parameters: 42(Long)
2018-06-03 23:36:28.693  [http-nio-8091-exec-1] DEBUG [com.mooc.house.biz.mapper.HouseMapper.selectSaleHouseUser:] http-nio-8091-exec-1cid - <==      Total: 1
2018-06-03 23:36:28.694  [http-nio-8091-exec-1] DEBUG [com.mooc.house.biz.mapper.CommentMapper.selectComments:] http-nio-8091-exec-1cid - ==>  Preparing: select id, content, house_id, create_time, blog_id, type, user_id from comment where type =1 and house_id = ? order by create_time desc limit ? 
2018-06-03 23:36:28.695  [http-nio-8091-exec-1] DEBUG [com.mooc.house.biz.mapper.CommentMapper.selectComments:] http-nio-8091-exec-1cid - ==> Parameters: 42(Long), 8(Integer)
2018-06-03 23:36:28.695  [http-nio-8091-exec-1] DEBUG [com.mooc.house.biz.mapper.CommentMapper.selectComments:] http-nio-8091-exec-1cid - <==      Total: 0
2018-06-03 23:36:28.696  [http-nio-8091-exec-1] DEBUG [com.mooc.house.biz.mapper.AgencyMapper.selectAgent:] http-nio-8091-exec-1cid - ==>  Preparing: select * from user WHERE enable = 1 and type = 2 and id = ? order by id desc limit ?, ? 
2018-06-03 23:36:28.696  [http-nio-8091-exec-1] DEBUG [com.mooc.house.biz.mapper.AgencyMapper.selectAgent:] http-nio-8091-exec-1cid - ==> Parameters: 7(Long), 0(Integer), 1(Integer)
2018-06-03 23:36:28.697  [http-nio-8091-exec-1] DEBUG [com.mooc.house.biz.mapper.AgencyMapper.selectAgent:] http-nio-8091-exec-1cid - <==      Total: 1
2018-06-03 23:36:28.698  [http-nio-8091-exec-1] DEBUG [com.mooc.house.biz.mapper.AgencyMapper.select:] http-nio-8091-exec-1cid - ==>  Preparing: select id , name, address, phone, email, about_us, mobile, web_site from agency WHERE id = ? 
2018-06-03 23:36:28.698  [http-nio-8091-exec-1] DEBUG [com.mooc.house.biz.mapper.AgencyMapper.select:] http-nio-8091-exec-1cid - ==> Parameters: 1(Integer)
2018-06-03 23:36:28.699  [http-nio-8091-exec-1] DEBUG [com.mooc.house.biz.mapper.AgencyMapper.select:] http-nio-8091-exec-1cid - <==      Total: 1
2018-06-03 23:36:33.804  [http-nio-8091-exec-10] DEBUG [com.mooc.house.biz.mapper.AgencyMapper.selectAgent:] http-nio-8091-exec-10cid - ==>  Preparing: select * from user WHERE enable = 1 and type = 2 order by id desc limit ?, ? 
2018-06-03 23:36:33.805  [http-nio-8091-exec-10] DEBUG [com.mooc.house.biz.mapper.AgencyMapper.selectAgent:] http-nio-8091-exec-10cid - ==> Parameters: 0(Integer), 6(Integer)
2018-06-03 23:36:33.809  [http-nio-8091-exec-10] DEBUG [com.mooc.house.biz.mapper.AgencyMapper.selectAgent:] http-nio-8091-exec-10cid - <==      Total: 6
2018-06-03 23:36:33.810  [http-nio-8091-exec-10] DEBUG [com.mooc.house.biz.mapper.AgencyMapper.selectAgentCount:] http-nio-8091-exec-10cid - ==>  Preparing: select count(id) from user WHERE enable =1 and type =2 
2018-06-03 23:36:33.810  [http-nio-8091-exec-10] DEBUG [com.mooc.house.biz.mapper.AgencyMapper.selectAgentCount:] http-nio-8091-exec-10cid - ==> Parameters: 
2018-06-03 23:36:33.810  [http-nio-8091-exec-10] DEBUG [com.mooc.house.biz.mapper.AgencyMapper.selectAgentCount:] http-nio-8091-exec-10cid - <==      Total: 1
2018-06-03 23:36:35.832  [http-nio-8091-exec-2] DEBUG [com.mooc.house.biz.mapper.HouseMapper.selectPageHouses:] http-nio-8091-exec-2cid - ==>  Preparing: select a.id, a.type, a.name, a.price, a.images, a.area, a.beds, a.baths, a.rating, a.remarks, a.properties, a.floor_plan, a.tags, a.create_time, a.city_id, a.community_id, a.address, a.state from house a WHERE state = 1 and a.type = ? order by a.create_time desc limit ?,? 
2018-06-03 23:36:35.833  [http-nio-8091-exec-2] DEBUG [com.mooc.house.biz.mapper.HouseMapper.selectPageHouses:] http-nio-8091-exec-2cid - ==> Parameters: 1(Integer), 0(Integer), 5(Integer)
2018-06-03 23:36:35.834  [http-nio-8091-exec-2] DEBUG [com.mooc.house.biz.mapper.HouseMapper.selectPageHouses:] http-nio-8091-exec-2cid - <==      Total: 5
2018-06-03 23:36:35.835  [http-nio-8091-exec-2] DEBUG [com.mooc.house.biz.mapper.HouseMapper.selectPageCount:] http-nio-8091-exec-2cid - ==>  Preparing: select count(id) from house a WHERE state = 1 and a.type = ? 
2018-06-03 23:36:35.835  [http-nio-8091-exec-2] DEBUG [com.mooc.house.biz.mapper.HouseMapper.selectPageCount:] http-nio-8091-exec-2cid - ==> Parameters: 1(Integer)
2018-06-03 23:36:35.836  [http-nio-8091-exec-2] DEBUG [com.mooc.house.biz.mapper.HouseMapper.selectPageCount:] http-nio-8091-exec-2cid - <==      Total: 1
2018-06-03 23:36:48.524  [http-nio-8091-exec-3] DEBUG [com.mooc.house.biz.mapper.HouseMapper.selectPageHouses:] http-nio-8091-exec-3cid - ==>  Preparing: select a.id, a.type, a.name, a.price, a.images, a.area, a.beds, a.baths, a.rating, a.remarks, a.properties, a.floor_plan, a.tags, a.create_time, a.city_id, a.community_id, a.address, a.state from house a WHERE state = 1 and a.type = ? order by a.price desc limit ?,? 
2018-06-03 23:36:48.525  [http-nio-8091-exec-3] DEBUG [com.mooc.house.biz.mapper.HouseMapper.selectPageHouses:] http-nio-8091-exec-3cid - ==> Parameters: 1(Integer), 0(Integer), 5(Integer)
2018-06-03 23:36:48.527  [http-nio-8091-exec-3] DEBUG [com.mooc.house.biz.mapper.HouseMapper.selectPageHouses:] http-nio-8091-exec-3cid - <==      Total: 5
2018-06-03 23:36:48.527  [http-nio-8091-exec-3] DEBUG [com.mooc.house.biz.mapper.HouseMapper.selectPageCount:] http-nio-8091-exec-3cid - ==>  Preparing: select count(id) from house a WHERE state = 1 and a.type = ? 
2018-06-03 23:36:48.528  [http-nio-8091-exec-3] DEBUG [com.mooc.house.biz.mapper.HouseMapper.selectPageCount:] http-nio-8091-exec-3cid - ==> Parameters: 1(Integer)
2018-06-03 23:36:48.529  [http-nio-8091-exec-3] DEBUG [com.mooc.house.biz.mapper.HouseMapper.selectPageCount:] http-nio-8091-exec-3cid - <==      Total: 1
2018-06-03 23:36:49.953  [http-nio-8091-exec-8] DEBUG [com.mooc.house.biz.mapper.HouseMapper.selectPageHouses:] http-nio-8091-exec-8cid - ==>  Preparing: select a.id, a.type, a.name, a.price, a.images, a.area, a.beds, a.baths, a.rating, a.remarks, a.properties, a.floor_plan, a.tags, a.create_time, a.city_id, a.community_id, a.address, a.state from house a WHERE state = 1 and a.id = ? order by a.create_time desc limit ?,? 
2018-06-03 23:36:49.954  [http-nio-8091-exec-8] DEBUG [com.mooc.house.biz.mapper.HouseMapper.selectPageHouses:] http-nio-8091-exec-8cid - ==> Parameters: 23(Long), 0(Integer), 1(Integer)
2018-06-03 23:36:49.955  [http-nio-8091-exec-8] DEBUG [com.mooc.house.biz.mapper.HouseMapper.selectPageHouses:] http-nio-8091-exec-8cid - <==      Total: 1
2018-06-03 23:36:49.955  [http-nio-8091-exec-8] DEBUG [com.mooc.house.biz.mapper.HouseMapper.selectSaleHouseUser:] http-nio-8091-exec-8cid - ==>  Preparing: select id,house_id,user_id,create_time,type from house_user where house_id = ? and type = 1 limit 1 
2018-06-03 23:36:49.956  [http-nio-8091-exec-8] DEBUG [com.mooc.house.biz.mapper.HouseMapper.selectSaleHouseUser:] http-nio-8091-exec-8cid - ==> Parameters: 23(Long)
2018-06-03 23:36:49.956  [http-nio-8091-exec-8] DEBUG [com.mooc.house.biz.mapper.HouseMapper.selectSaleHouseUser:] http-nio-8091-exec-8cid - <==      Total: 1
2018-06-03 23:36:49.957  [http-nio-8091-exec-8] DEBUG [com.mooc.house.biz.mapper.CommentMapper.selectComments:] http-nio-8091-exec-8cid - ==>  Preparing: select id, content, house_id, create_time, blog_id, type, user_id from comment where type =1 and house_id = ? order by create_time desc limit ? 
2018-06-03 23:36:49.958  [http-nio-8091-exec-8] DEBUG [com.mooc.house.biz.mapper.CommentMapper.selectComments:] http-nio-8091-exec-8cid - ==> Parameters: 23(Long), 8(Integer)
2018-06-03 23:36:49.959  [http-nio-8091-exec-8] DEBUG [com.mooc.house.biz.mapper.CommentMapper.selectComments:] http-nio-8091-exec-8cid - <==      Total: 3
2018-06-03 23:36:49.960  [http-nio-8091-exec-8] DEBUG [com.mooc.house.biz.mapper.UserMapper.selectUsersByQuery:] http-nio-8091-exec-8cid - ==>  Preparing: select * from user WHERE id = ? 
2018-06-03 23:36:49.960  [http-nio-8091-exec-8] DEBUG [com.mooc.house.biz.mapper.UserMapper.selectUsersByQuery:] http-nio-8091-exec-8cid - ==> Parameters: 7(Long)
2018-06-03 23:36:49.960  [http-nio-8091-exec-8] DEBUG [com.mooc.house.biz.mapper.UserMapper.selectUsersByQuery:] http-nio-8091-exec-8cid - <==      Total: 1
2018-06-03 23:36:49.961  [http-nio-8091-exec-8] DEBUG [com.mooc.house.biz.mapper.UserMapper.selectUsersByQuery:] http-nio-8091-exec-8cid - ==>  Preparing: select * from user WHERE id = ? 
2018-06-03 23:36:49.961  [http-nio-8091-exec-8] DEBUG [com.mooc.house.biz.mapper.UserMapper.selectUsersByQuery:] http-nio-8091-exec-8cid - ==> Parameters: 7(Long)
2018-06-03 23:36:49.962  [http-nio-8091-exec-8] DEBUG [com.mooc.house.biz.mapper.UserMapper.selectUsersByQuery:] http-nio-8091-exec-8cid - <==      Total: 1
2018-06-03 23:36:49.962  [http-nio-8091-exec-8] DEBUG [com.mooc.house.biz.mapper.UserMapper.selectUsersByQuery:] http-nio-8091-exec-8cid - ==>  Preparing: select * from user WHERE id = ? 
2018-06-03 23:36:49.962  [http-nio-8091-exec-8] DEBUG [com.mooc.house.biz.mapper.UserMapper.selectUsersByQuery:] http-nio-8091-exec-8cid - ==> Parameters: 7(Long)
2018-06-03 23:36:49.963  [http-nio-8091-exec-8] DEBUG [com.mooc.house.biz.mapper.UserMapper.selectUsersByQuery:] http-nio-8091-exec-8cid - <==      Total: 1
2018-06-03 23:36:49.963  [http-nio-8091-exec-8] DEBUG [com.mooc.house.biz.mapper.AgencyMapper.selectAgent:] http-nio-8091-exec-8cid - ==>  Preparing: select * from user WHERE enable = 1 and type = 2 and id = ? order by id desc limit ?, ? 
2018-06-03 23:36:49.964  [http-nio-8091-exec-8] DEBUG [com.mooc.house.biz.mapper.AgencyMapper.selectAgent:] http-nio-8091-exec-8cid - ==> Parameters: 7(Long), 0(Integer), 1(Integer)
2018-06-03 23:36:49.965  [http-nio-8091-exec-8] DEBUG [com.mooc.house.biz.mapper.AgencyMapper.selectAgent:] http-nio-8091-exec-8cid - <==      Total: 1
2018-06-03 23:36:49.965  [http-nio-8091-exec-8] DEBUG [com.mooc.house.biz.mapper.AgencyMapper.select:] http-nio-8091-exec-8cid - ==>  Preparing: select id , name, address, phone, email, about_us, mobile, web_site from agency WHERE id = ? 
2018-06-03 23:36:49.965  [http-nio-8091-exec-8] DEBUG [com.mooc.house.biz.mapper.AgencyMapper.select:] http-nio-8091-exec-8cid - ==> Parameters: 1(Integer)
2018-06-03 23:36:49.966  [http-nio-8091-exec-8] DEBUG [com.mooc.house.biz.mapper.AgencyMapper.select:] http-nio-8091-exec-8cid - <==      Total: 1
2018-06-03 23:37:12.665  [http-nio-8091-exec-8] DEBUG [com.mooc.house.biz.mapper.HouseMapper.selectPageHouses:] http-nio-8091-exec-8cid - ==>  Preparing: select a.id, a.type, a.name, a.price, a.images, a.area, a.beds, a.baths, a.rating, a.remarks, a.properties, a.floor_plan, a.tags, a.create_time, a.city_id, a.community_id, a.address, a.state from house a WHERE state = 1 and a.id = ? order by a.create_time desc limit ?,? 
2018-06-03 23:37:12.666  [http-nio-8091-exec-8] DEBUG [com.mooc.house.biz.mapper.HouseMapper.selectPageHouses:] http-nio-8091-exec-8cid - ==> Parameters: 23(Long), 0(Integer), 1(Integer)
2018-06-03 23:37:12.667  [http-nio-8091-exec-8] DEBUG [com.mooc.house.biz.mapper.HouseMapper.selectPageHouses:] http-nio-8091-exec-8cid - <==      Total: 1
2018-06-03 23:37:12.668  [http-nio-8091-exec-8] DEBUG [com.mooc.house.biz.mapper.HouseMapper.selectSaleHouseUser:] http-nio-8091-exec-8cid - ==>  Preparing: select id,house_id,user_id,create_time,type from house_user where house_id = ? and type = 1 limit 1 
2018-06-03 23:37:12.668  [http-nio-8091-exec-8] DEBUG [com.mooc.house.biz.mapper.HouseMapper.selectSaleHouseUser:] http-nio-8091-exec-8cid - ==> Parameters: 23(Long)
2018-06-03 23:37:12.669  [http-nio-8091-exec-8] DEBUG [com.mooc.house.biz.mapper.HouseMapper.selectSaleHouseUser:] http-nio-8091-exec-8cid - <==      Total: 1
2018-06-03 23:37:12.671  [http-nio-8091-exec-8] DEBUG [com.mooc.house.biz.mapper.CommentMapper.selectComments:] http-nio-8091-exec-8cid - ==>  Preparing: select id, content, house_id, create_time, blog_id, type, user_id from comment where type =1 and house_id = ? order by create_time desc limit ? 
2018-06-03 23:37:12.671  [http-nio-8091-exec-8] DEBUG [com.mooc.house.biz.mapper.CommentMapper.selectComments:] http-nio-8091-exec-8cid - ==> Parameters: 23(Long), 8(Integer)
2018-06-03 23:37:12.672  [http-nio-8091-exec-8] DEBUG [com.mooc.house.biz.mapper.CommentMapper.selectComments:] http-nio-8091-exec-8cid - <==      Total: 3
2018-06-03 23:37:12.673  [http-nio-8091-exec-8] DEBUG [com.mooc.house.biz.mapper.UserMapper.selectUsersByQuery:] http-nio-8091-exec-8cid - ==>  Preparing: select * from user WHERE id = ? 
2018-06-03 23:37:12.673  [http-nio-8091-exec-8] DEBUG [com.mooc.house.biz.mapper.UserMapper.selectUsersByQuery:] http-nio-8091-exec-8cid - ==> Parameters: 7(Long)
2018-06-03 23:37:12.674  [http-nio-8091-exec-8] DEBUG [com.mooc.house.biz.mapper.UserMapper.selectUsersByQuery:] http-nio-8091-exec-8cid - <==      Total: 1
2018-06-03 23:37:12.674  [http-nio-8091-exec-8] DEBUG [com.mooc.house.biz.mapper.UserMapper.selectUsersByQuery:] http-nio-8091-exec-8cid - ==>  Preparing: select * from user WHERE id = ? 
2018-06-03 23:37:12.674  [http-nio-8091-exec-8] DEBUG [com.mooc.house.biz.mapper.UserMapper.selectUsersByQuery:] http-nio-8091-exec-8cid - ==> Parameters: 7(Long)
2018-06-03 23:37:12.675  [http-nio-8091-exec-8] DEBUG [com.mooc.house.biz.mapper.UserMapper.selectUsersByQuery:] http-nio-8091-exec-8cid - <==      Total: 1
2018-06-03 23:37:12.676  [http-nio-8091-exec-8] DEBUG [com.mooc.house.biz.mapper.UserMapper.selectUsersByQuery:] http-nio-8091-exec-8cid - ==>  Preparing: select * from user WHERE id = ? 
2018-06-03 23:37:12.676  [http-nio-8091-exec-8] DEBUG [com.mooc.house.biz.mapper.UserMapper.selectUsersByQuery:] http-nio-8091-exec-8cid - ==> Parameters: 7(Long)
2018-06-03 23:37:12.677  [http-nio-8091-exec-8] DEBUG [com.mooc.house.biz.mapper.UserMapper.selectUsersByQuery:] http-nio-8091-exec-8cid - <==      Total: 1
2018-06-03 23:37:12.677  [http-nio-8091-exec-8] DEBUG [com.mooc.house.biz.mapper.AgencyMapper.selectAgent:] http-nio-8091-exec-8cid - ==>  Preparing: select * from user WHERE enable = 1 and type = 2 and id = ? order by id desc limit ?, ? 
2018-06-03 23:37:12.678  [http-nio-8091-exec-8] DEBUG [com.mooc.house.biz.mapper.AgencyMapper.selectAgent:] http-nio-8091-exec-8cid - ==> Parameters: 7(Long), 0(Integer), 1(Integer)
2018-06-03 23:37:12.679  [http-nio-8091-exec-8] DEBUG [com.mooc.house.biz.mapper.AgencyMapper.selectAgent:] http-nio-8091-exec-8cid - <==      Total: 1
2018-06-03 23:37:12.679  [http-nio-8091-exec-8] DEBUG [com.mooc.house.biz.mapper.AgencyMapper.select:] http-nio-8091-exec-8cid - ==>  Preparing: select id , name, address, phone, email, about_us, mobile, web_site from agency WHERE id = ? 
2018-06-03 23:37:12.679  [http-nio-8091-exec-8] DEBUG [com.mooc.house.biz.mapper.AgencyMapper.select:] http-nio-8091-exec-8cid - ==> Parameters: 1(Integer)
2018-06-03 23:37:12.680  [http-nio-8091-exec-8] DEBUG [com.mooc.house.biz.mapper.AgencyMapper.select:] http-nio-8091-exec-8cid - <==      Total: 1
